<?xml version="1.0" encoding="UTF-8"?>
<!-- Generated by org.testng.reporters.JUnitXMLReporter -->
<testsuite ignored="0" hostname="Cormac*con-PQ2FTJX76V" failures="1" tests="1" name="SingleTestEnv4" time="46.728" errors="0" timestamp="2022-10-24T12:08:12 IST">
  <testcase classname="com.browserstack.SingleTest" name="test" time="33.267">
    <failure type="org.openqa.selenium.NoSuchElementException" message="no such element: Unable to locate element: {&amp;quot;method&amp;quot;:&amp;quot;xpath&amp;quot;,&amp;quot;selector&amp;quot;:&amp;quot;/html//legend[@id=&amp;apos;confirmation-message&amp;apos;]&amp;quot;}
  (Session info: MicrosoftEdge=106.0.1370.37)
For documentation on this error, please visit: https://selenium.dev/exceptions/#no_such_element
Build info: version: &amp;apos;4.1.0&amp;apos;, revision: &amp;apos;87802e897b&amp;apos;
System info: host: &amp;apos;Cormac*con-PQ2FTJX76V&amp;apos;, ip: &amp;apos;2a02:8084:2001:f900:a9c6:ce8b:f047:7ad9%en0&amp;apos;, os.name: &amp;apos;Mac OS X&amp;apos;, os.arch: &amp;apos;x86_64&amp;apos;, os.version: &amp;apos;11.5&amp;apos;, java.version: &amp;apos;11.0.12&amp;apos;
Driver info: org.openqa.selenium.remote.RemoteWebDriver
Command: [8cd1a19134d3594dfbfdc8492590ffd7b90cea8a, findElement {using=xpath, value=/html//legend[@id=&amp;apos;confirmation-message&amp;apos;]}]
Capabilities {acceptInsecureCerts: false, browserName: msedge, browserVersion: 106.0.1370.37, javascriptEnabled: true, ms:edgeOptions: {debuggerAddress: localhost:1712}, msedge: {msedgedriverVersion: 106.0.1370.37 (7c71c663052f..., userDataDir: C:\Windows\proxy\scoped_dir...}, networkConnectionEnabled: false, pageLoadStrategy: normal, platform: WINDOWS, platformName: WINDOWS, proxy: Proxy(), setWindowRect: true, strictFileInteractability: false, timeouts: {implicit: 0, pageLoad: 300000, script: 30000}, unhandledPromptBehavior: dismiss and notify, webauthn:extension:credBlob: true, webauthn:extension:largeBlob: true, webauthn:virtualAuthenticators: true, webdriver.remote.sessionid: 8cd1a19134d3594dfbfdc849259...}
Session ID: 8cd1a19134d3594dfbfdc8492590ffd7b90cea8a">
      <![CDATA[org.openqa.selenium.NoSuchElementException: no such element: Unable to locate element: {"method":"xpath","selector":"/html//legend[@id='confirmation-message']"}
  (Session info: MicrosoftEdge=106.0.1370.37)
For documentation on this error, please visit: https://selenium.dev/exceptions/#no_such_element
Build info: version: '4.1.0', revision: '87802e897b'
System info: host: 'Cormac*con-PQ2FTJX76V', ip: '2a02:8084:2001:f900:a9c6:ce8b:f047:7ad9%en0', os.name: 'Mac OS X', os.arch: 'x86_64', os.version: '11.5', java.version: '11.0.12'
Driver info: org.openqa.selenium.remote.RemoteWebDriver
Command: [8cd1a19134d3594dfbfdc8492590ffd7b90cea8a, findElement {using=xpath, value=/html//legend[@id='confirmation-message']}]
Capabilities {acceptInsecureCerts: false, browserName: msedge, browserVersion: 106.0.1370.37, javascriptEnabled: true, ms:edgeOptions: {debuggerAddress: localhost:1712}, msedge: {msedgedriverVersion: 106.0.1370.37 (7c71c663052f..., userDataDir: C:\Windows\proxy\scoped_dir...}, networkConnectionEnabled: false, pageLoadStrategy: normal, platform: WINDOWS, platformName: WINDOWS, proxy: Proxy(), setWindowRect: true, strictFileInteractability: false, timeouts: {implicit: 0, pageLoad: 300000, script: 30000}, unhandledPromptBehavior: dismiss and notify, webauthn:extension:credBlob: true, webauthn:extension:largeBlob: true, webauthn:virtualAuthenticators: true, webdriver.remote.sessionid: 8cd1a19134d3594dfbfdc849259...}
Session ID: 8cd1a19134d3594dfbfdc8492590ffd7b90cea8a
at org.openqa.selenium.remote.codec.w3c.W3CHttpResponseCodec.createException(W3CHttpResponseCodec.java:200)
at org.openqa.selenium.remote.codec.w3c.W3CHttpResponseCodec.decode(W3CHttpResponseCodec.java:133)
at org.openqa.selenium.remote.codec.w3c.W3CHttpResponseCodec.decode(W3CHttpResponseCodec.java:53)
at org.openqa.selenium.remote.HttpCommandExecutor.execute(HttpCommandExecutor.java:184)
at org.openqa.selenium.remote.TracedCommandExecutor.execute(TracedCommandExecutor.java:50)
at org.openqa.selenium.remote.RemoteWebDriver.execute(RemoteWebDriver.java:559)
at org.openqa.selenium.remote.ElementLocation$ElementFinder$2.findElement(ElementLocation.java:162)
at org.openqa.selenium.remote.ElementLocation.findElement(ElementLocation.java:60)
at org.openqa.selenium.remote.RemoteWebDriver.findElement(RemoteWebDriver.java:383)
at org.openqa.selenium.remote.RemoteWebDriver.findElement(RemoteWebDriver.java:375)
at com.browserstack.SingleTest.test(SingleTest.java:47)
at java.base/java.util.ArrayList.forEach(ArrayList.java:1541)
at java.base/java.util.concurrent.FutureTask.run(FutureTask.java:264)
at java.base/java.util.concurrent.ThreadPoolExecutor.runWorker(ThreadPoolExecutor.java:1128)
at java.base/java.util.concurrent.ThreadPoolExecutor$Worker.run(ThreadPoolExecutor.java:628)
at java.base/java.lang.Thread.run(Thread.java:829)
... Removed 22 stack frames]]>
    </failure>
  </testcase> <!-- test -->
</testsuite> <!-- SingleTestEnv4 -->
